2015-08-13 14:58:28,855 [-] [Start Level Event Dispatcher]  WARN ValidationResultPrinter The default keystore (wso2carbon.jks) is currently being used. To maximize security when deploying to a production environment, configure a new keystore with a unique password in the production server profile.
2015-08-13 14:58:58,385 [-] [http-nio-9443-exec-34] ERROR ServiceAdmin Invalid service name, service not found : ChannelService
2015-08-13 14:58:58,394 [-] [http-nio-9443-exec-34] ERROR ServiceAdminClient Cannot get service data. Backend service may be unavailable
org.apache.axis2.AxisFault: Invalid service name, service not found : ChannelService
	at org.apache.axis2.util.Utils.getInboundFaultFromMessageContext(Utils.java:531)
	at org.apache.axis2.description.OutInAxisOperationClient.handleResponse(OutInAxisOperation.java:370)
	at org.apache.axis2.description.OutInAxisOperationClient.send(OutInAxisOperation.java:445)
	at org.apache.axis2.description.OutInAxisOperationClient.executeImpl(OutInAxisOperation.java:225)
	at org.apache.axis2.client.OperationClient.execute(OperationClient.java:149)
	at org.wso2.carbon.service.mgt.stub.ServiceAdminStub.getServiceData(ServiceAdminStub.java:5076)
	at org.wso2.carbon.service.mgt.ui.ServiceAdminClient.getServiceData(ServiceAdminClient.java:76)
	at org.apache.jsp.service_002dmgt.service_005finfo_jsp._jspService(org.apache.jsp.service_002dmgt.service_005finfo_jsp:128)
	at org.apache.jasper.runtime.HttpJspBase.service(HttpJspBase.java:111)
	at javax.servlet.http.HttpServlet.service(HttpServlet.java:848)
	at org.apache.jasper.servlet.JspServletWrapper.service(JspServletWrapper.java:403)
	at org.apache.jasper.servlet.JspServlet.serviceJspFile(JspServlet.java:492)
	at org.apache.jasper.servlet.JspServlet.service(JspServlet.java:378)
	at javax.servlet.http.HttpServlet.service(HttpServlet.java:848)
	at org.wso2.carbon.ui.JspServlet.service(JspServlet.java:155)
	at org.wso2.carbon.ui.TilesJspServlet.service(TilesJspServlet.java:80)
	at javax.servlet.http.HttpServlet.service(HttpServlet.java:848)
	at org.eclipse.equinox.http.helper.ContextPathServletAdaptor.service(ContextPathServletAdaptor.java:37)
	at org.eclipse.equinox.http.servlet.internal.ServletRegistration.service(ServletRegistration.java:61)
	at org.eclipse.equinox.http.servlet.internal.ProxyServlet.processAlias(ProxyServlet.java:128)
	at org.eclipse.equinox.http.servlet.internal.ProxyServlet.service(ProxyServlet.java:68)
	at javax.servlet.http.HttpServlet.service(HttpServlet.java:848)
	at org.wso2.carbon.tomcat.ext.servlet.DelegationServlet.service(DelegationServlet.java:68)
	at org.apache.catalina.core.ApplicationFilterChain.internalDoFilter(ApplicationFilterChain.java:305)
	at org.apache.catalina.core.ApplicationFilterChain.doFilter(ApplicationFilterChain.java:210)
	at org.apache.catalina.core.ApplicationDispatcher.invoke(ApplicationDispatcher.java:749)
	at org.apache.catalina.core.ApplicationDispatcher.doInclude(ApplicationDispatcher.java:605)
	at org.apache.catalina.core.ApplicationDispatcher.include(ApplicationDispatcher.java:544)
	at org.eclipse.equinox.http.servlet.internal.RequestDispatcherAdaptor.include(RequestDispatcherAdaptor.java:37)
	at org.eclipse.equinox.http.helper.ContextPathServletAdaptor$RequestDispatcherAdaptor.include(ContextPathServletAdaptor.java:369)
	at org.apache.jasper.runtime.JspRuntimeLibrary.include(JspRuntimeLibrary.java:1015)
	at org.apache.jasper.runtime.PageContextImpl.include(PageContextImpl.java:700)
	at sun.reflect.GeneratedMethodAccessor38.invoke(Unknown Source)
	at sun.reflect.DelegatingMethodAccessorImpl.invoke(DelegatingMethodAccessorImpl.java:25)
	at java.lang.reflect.Method.invoke(Method.java:597)
	at org.apache.tiles.jsp.context.JspUtil.doInclude(JspUtil.java:87)
	at org.apache.tiles.jsp.context.JspTilesRequestContext.include(JspTilesRequestContext.java:88)
	at org.apache.tiles.jsp.context.JspTilesRequestContext.dispatch(JspTilesRequestContext.java:82)
	at org.apache.tiles.impl.BasicTilesContainer.render(BasicTilesContainer.java:465)
	at org.apache.tiles.jsp.taglib.InsertAttributeTag.render(InsertAttributeTag.java:140)
	at org.apache.tiles.jsp.taglib.InsertAttributeTag.render(InsertAttributeTag.java:117)
	at org.apache.tiles.jsp.taglib.RenderTagSupport.execute(RenderTagSupport.java:171)
	at org.apache.tiles.jsp.taglib.RoleSecurityTagSupport.doEndTag(RoleSecurityTagSupport.java:75)
	at org.apache.tiles.jsp.taglib.ContainerTagSupport.doEndTag(ContainerTagSupport.java:80)
	at org.apache.jsp.admin.layout.template_jsp._jspx_meth_tiles_insertAttribute_7(org.apache.jsp.admin.layout.template_jsp:603)
	at org.apache.jsp.admin.layout.template_jsp._jspService(org.apache.jsp.admin.layout.template_jsp:335)
	at org.apache.jasper.runtime.HttpJspBase.service(HttpJspBase.java:111)
	at javax.servlet.http.HttpServlet.service(HttpServlet.java:848)
	at org.apache.jasper.servlet.JspServletWrapper.service(JspServletWrapper.java:403)
	at org.apache.jasper.servlet.JspServlet.serviceJspFile(JspServlet.java:492)
	at org.apache.jasper.servlet.JspServlet.service(JspServlet.java:378)
	at javax.servlet.http.HttpServlet.service(HttpServlet.java:848)
	at org.wso2.carbon.ui.JspServlet.service(JspServlet.java:155)
	at org.wso2.carbon.ui.TilesJspServlet.service(TilesJspServlet.java:80)
	at javax.servlet.http.HttpServlet.service(HttpServlet.java:848)
	at org.eclipse.equinox.http.helper.ContextPathServletAdaptor.service(ContextPathServletAdaptor.java:37)
	at org.eclipse.equinox.http.servlet.internal.ServletRegistration.service(ServletRegistration.java:61)
	at org.eclipse.equinox.http.servlet.internal.ProxyServlet.processAlias(ProxyServlet.java:128)
	at org.eclipse.equinox.http.servlet.internal.ProxyServlet.service(ProxyServlet.java:68)
	at javax.servlet.http.HttpServlet.service(HttpServlet.java:848)
	at org.wso2.carbon.tomcat.ext.servlet.DelegationServlet.service(DelegationServlet.java:68)
	at org.apache.catalina.core.ApplicationFilterChain.internalDoFilter(ApplicationFilterChain.java:305)
	at org.apache.catalina.core.ApplicationFilterChain.doFilter(ApplicationFilterChain.java:210)
	at org.apache.catalina.core.ApplicationDispatcher.invoke(ApplicationDispatcher.java:749)
	at org.apache.catalina.core.ApplicationDispatcher.processRequest(ApplicationDispatcher.java:487)
	at org.apache.catalina.core.ApplicationDispatcher.doForward(ApplicationDispatcher.java:412)
	at org.apache.catalina.core.ApplicationDispatcher.forward(ApplicationDispatcher.java:339)
	at org.eclipse.equinox.http.servlet.internal.RequestDispatcherAdaptor.forward(RequestDispatcherAdaptor.java:30)
	at org.eclipse.equinox.http.helper.ContextPathServletAdaptor$RequestDispatcherAdaptor.forward(ContextPathServletAdaptor.java:362)
	at org.apache.tiles.servlet.context.ServletTilesRequestContext.forward(ServletTilesRequestContext.java:198)
	at org.apache.tiles.servlet.context.ServletTilesRequestContext.dispatch(ServletTilesRequestContext.java:185)
	at org.apache.tiles.impl.BasicTilesContainer.render(BasicTilesContainer.java:419)
	at org.apache.tiles.impl.BasicTilesContainer.render(BasicTilesContainer.java:370)
	at org.wso2.carbon.ui.action.ActionHelper.render(ActionHelper.java:52)
	at org.wso2.carbon.ui.TilesJspServlet.service(TilesJspServlet.java:101)
	at javax.servlet.http.HttpServlet.service(HttpServlet.java:848)
	at org.eclipse.equinox.http.helper.ContextPathServletAdaptor.service(ContextPathServletAdaptor.java:37)
	at org.eclipse.equinox.http.servlet.internal.ServletRegistration.service(ServletRegistration.java:61)
	at org.eclipse.equinox.http.servlet.internal.ProxyServlet.processAlias(ProxyServlet.java:128)
	at org.eclipse.equinox.http.servlet.internal.ProxyServlet.service(ProxyServlet.java:68)
	at javax.servlet.http.HttpServlet.service(HttpServlet.java:848)
	at org.wso2.carbon.tomcat.ext.servlet.DelegationServlet.service(DelegationServlet.java:68)
	at org.apache.catalina.core.ApplicationFilterChain.internalDoFilter(ApplicationFilterChain.java:305)
	at org.apache.catalina.core.ApplicationFilterChain.doFilter(ApplicationFilterChain.java:210)
	at org.wso2.carbon.tomcat.ext.filter.CharacterSetFilter.doFilter(CharacterSetFilter.java:61)
	at org.apache.catalina.core.ApplicationFilterChain.internalDoFilter(ApplicationFilterChain.java:243)
	at org.apache.catalina.core.ApplicationFilterChain.doFilter(ApplicationFilterChain.java:210)
	at org.apache.catalina.core.StandardWrapperValve.invoke(StandardWrapperValve.java:222)
	at org.apache.catalina.core.StandardContextValve.invoke(StandardContextValve.java:123)
	at org.apache.catalina.authenticator.AuthenticatorBase.invoke(AuthenticatorBase.java:472)
	at org.apache.catalina.core.StandardHostValve.invoke(StandardHostValve.java:171)
	at org.apache.catalina.valves.ErrorReportValve.invoke(ErrorReportValve.java:99)
	at org.wso2.carbon.tomcat.ext.valves.CompositeValve.continueInvocation(CompositeValve.java:178)
	at org.wso2.carbon.tomcat.ext.valves.TomcatValveContainer.invokeValves(TomcatValveContainer.java:49)
	at org.wso2.carbon.tomcat.ext.valves.CompositeValve.invoke(CompositeValve.java:141)
	at org.wso2.carbon.tomcat.ext.valves.CarbonStuckThreadDetectionValve.invoke(CarbonStuckThreadDetectionValve.java:156)
	at org.apache.catalina.valves.AccessLogValve.invoke(AccessLogValve.java:936)
	at org.wso2.carbon.tomcat.ext.valves.CarbonContextCreatorValve.invoke(CarbonContextCreatorValve.java:52)
	at org.apache.catalina.core.StandardEngineValve.invoke(StandardEngineValve.java:118)
	at org.apache.catalina.connector.CoyoteAdapter.service(CoyoteAdapter.java:407)
	at org.apache.coyote.http11.AbstractHttp11Processor.process(AbstractHttp11Processor.java:1004)
	at org.apache.coyote.AbstractProtocol$AbstractConnectionHandler.process(AbstractProtocol.java:589)
	at org.apache.tomcat.util.net.NioEndpoint$SocketProcessor.run(NioEndpoint.java:1653)
	at java.util.concurrent.ThreadPoolExecutor$Worker.runTask(ThreadPoolExecutor.java:895)
	at java.util.concurrent.ThreadPoolExecutor$Worker.run(ThreadPoolExecutor.java:918)
	at java.lang.Thread.run(Thread.java:695)
2015-08-13 15:32:48,477 [-] [Start Level Event Dispatcher]  WARN ValidationResultPrinter The default keystore (wso2carbon.jks) is currently being used. To maximize security when deploying to a production environment, configure a new keystore with a unique password in the production server profile.
2015-08-13 20:01:14,707 [-] [pool-12-thread-1] ERROR SequenceDeploymentInterceptor Cannot Undeploy the fault sequence
2015-08-13 20:01:14,713 [-] [pool-12-thread-1] ERROR SequenceDeploymentInterceptor Sequence Undeployement of sequence named : fault : Failed
org.apache.synapse.deployers.SynapseArtifactDeploymentException: Cannot Undeploy the fault sequence
	at org.apache.synapse.deployers.AbstractSynapseArtifactDeployer.handleSynapseArtifactDeploymentError(AbstractSynapseArtifactDeployer.java:468)
	at org.apache.synapse.deployers.SequenceDeployer.undeploySynapseArtifact(SequenceDeployer.java:155)
	at org.wso2.carbon.sequences.SequenceDeploymentInterceptor.undeploySynapseArtifact(SequenceDeploymentInterceptor.java:56)
	at org.apache.synapse.deployers.AbstractSynapseArtifactDeployer.undeploy(AbstractSynapseArtifactDeployer.java:309)
	at org.apache.axis2.deployment.DeploymentEngine.unDeploy(DeploymentEngine.java:914)
	at org.apache.axis2.deployment.repository.util.WSInfoList.update(WSInfoList.java:143)
	at org.apache.axis2.deployment.RepositoryListener.update(RepositoryListener.java:377)
	at org.apache.axis2.deployment.RepositoryListener.checkServices(RepositoryListener.java:254)
	at org.apache.axis2.deployment.RepositoryListener.startListener(RepositoryListener.java:371)
	at org.apache.axis2.deployment.scheduler.SchedulerTask.checkRepository(SchedulerTask.java:59)
	at org.apache.axis2.deployment.scheduler.SchedulerTask.run(SchedulerTask.java:67)
	at org.wso2.carbon.core.deployment.CarbonDeploymentSchedulerTask.runAxisDeployment(CarbonDeploymentSchedulerTask.java:79)
	at org.wso2.carbon.core.deployment.CarbonDeploymentSchedulerTask.run(CarbonDeploymentSchedulerTask.java:124)
	at java.util.concurrent.Executors$RunnableAdapter.call(Executors.java:439)
	at java.util.concurrent.FutureTask$Sync.innerRunAndReset(FutureTask.java:317)
	at java.util.concurrent.FutureTask.runAndReset(FutureTask.java:150)
	at java.util.concurrent.ScheduledThreadPoolExecutor$ScheduledFutureTask.access$101(ScheduledThreadPoolExecutor.java:98)
	at java.util.concurrent.ScheduledThreadPoolExecutor$ScheduledFutureTask.runPeriodic(ScheduledThreadPoolExecutor.java:180)
	at java.util.concurrent.ScheduledThreadPoolExecutor$ScheduledFutureTask.run(ScheduledThreadPoolExecutor.java:204)
	at java.util.concurrent.ThreadPoolExecutor$Worker.runTask(ThreadPoolExecutor.java:895)
	at java.util.concurrent.ThreadPoolExecutor$Worker.run(ThreadPoolExecutor.java:918)
	at java.lang.Thread.run(Thread.java:695)
2015-08-13 20:01:14,718 [-] [pool-12-thread-1] ERROR AbstractSynapseArtifactDeployer Unable to undeploy the artifact from file : /Users/godwin/Documents/Amila/Personal/MSC/3rdSemister/EnterpriceWebArchitect/Project/Source/WebServices/Servers/wso2esb-4.8.1/repository/deployment/server/synapse-configs/default/sequences/fault.xml
org.apache.synapse.deployers.SynapseArtifactDeploymentException: Sequence Undeployement of sequence named : fault : Failed
	at org.apache.synapse.deployers.AbstractSynapseArtifactDeployer.handleSynapseArtifactDeploymentError(AbstractSynapseArtifactDeployer.java:473)
	at org.apache.synapse.deployers.SequenceDeployer.undeploySynapseArtifact(SequenceDeployer.java:172)
	at org.wso2.carbon.sequences.SequenceDeploymentInterceptor.undeploySynapseArtifact(SequenceDeploymentInterceptor.java:56)
	at org.apache.synapse.deployers.AbstractSynapseArtifactDeployer.undeploy(AbstractSynapseArtifactDeployer.java:309)
	at org.apache.axis2.deployment.DeploymentEngine.unDeploy(DeploymentEngine.java:914)
	at org.apache.axis2.deployment.repository.util.WSInfoList.update(WSInfoList.java:143)
	at org.apache.axis2.deployment.RepositoryListener.update(RepositoryListener.java:377)
	at org.apache.axis2.deployment.RepositoryListener.checkServices(RepositoryListener.java:254)
	at org.apache.axis2.deployment.RepositoryListener.startListener(RepositoryListener.java:371)
	at org.apache.axis2.deployment.scheduler.SchedulerTask.checkRepository(SchedulerTask.java:59)
	at org.apache.axis2.deployment.scheduler.SchedulerTask.run(SchedulerTask.java:67)
	at org.wso2.carbon.core.deployment.CarbonDeploymentSchedulerTask.runAxisDeployment(CarbonDeploymentSchedulerTask.java:79)
	at org.wso2.carbon.core.deployment.CarbonDeploymentSchedulerTask.run(CarbonDeploymentSchedulerTask.java:124)
	at java.util.concurrent.Executors$RunnableAdapter.call(Executors.java:439)
	at java.util.concurrent.FutureTask$Sync.innerRunAndReset(FutureTask.java:317)
	at java.util.concurrent.FutureTask.runAndReset(FutureTask.java:150)
	at java.util.concurrent.ScheduledThreadPoolExecutor$ScheduledFutureTask.access$101(ScheduledThreadPoolExecutor.java:98)
	at java.util.concurrent.ScheduledThreadPoolExecutor$ScheduledFutureTask.runPeriodic(ScheduledThreadPoolExecutor.java:180)
	at java.util.concurrent.ScheduledThreadPoolExecutor$ScheduledFutureTask.run(ScheduledThreadPoolExecutor.java:204)
	at java.util.concurrent.ThreadPoolExecutor$Worker.runTask(ThreadPoolExecutor.java:895)
	at java.util.concurrent.ThreadPoolExecutor$Worker.run(ThreadPoolExecutor.java:918)
	at java.lang.Thread.run(Thread.java:695)
Caused by: org.apache.synapse.deployers.SynapseArtifactDeploymentException: Cannot Undeploy the fault sequence
	at org.apache.synapse.deployers.AbstractSynapseArtifactDeployer.handleSynapseArtifactDeploymentError(AbstractSynapseArtifactDeployer.java:468)
	at org.apache.synapse.deployers.SequenceDeployer.undeploySynapseArtifact(SequenceDeployer.java:155)
	... 20 more
2015-08-13 20:01:14,729 [-] [pool-12-thread-1] ERROR CarbonDeploymentSchedulerTask Error while running deployment scheduler.. 
java.lang.NoClassDefFoundError: org/apache/synapse/config/xml/SynapsePathSerializer
	at org.apache.synapse.config.xml.AbstractMediatorSerializer.serializeMediatorProperties(AbstractMediatorSerializer.java:170)
	at org.apache.synapse.config.xml.AbstractMediatorSerializer.serializeMediatorProperties(AbstractMediatorSerializer.java:181)
	at org.apache.synapse.config.xml.AbstractMediatorSerializer.serializeProperties(AbstractMediatorSerializer.java:185)
	at org.apache.synapse.config.xml.LogMediatorSerializer.serializeSpecificMediator(LogMediatorSerializer.java:76)
	at org.apache.synapse.config.xml.AbstractMediatorSerializer.serializeMediator(AbstractMediatorSerializer.java:90)
	at org.apache.synapse.config.xml.AbstractListMediatorSerializer.serializeChildren(AbstractListMediatorSerializer.java:38)
	at org.apache.synapse.config.xml.SequenceMediatorSerializer.serializeSpecificMediator(SequenceMediatorSerializer.java:86)
	at org.apache.synapse.config.xml.AbstractMediatorSerializer.serializeMediator(AbstractMediatorSerializer.java:90)
	at org.apache.synapse.deployers.SequenceDeployer.restoreSynapseArtifact(SequenceDeployer.java:187)
	at org.wso2.carbon.sequences.SequenceDeploymentInterceptor.restoreSynapseArtifact(SequenceDeploymentInterceptor.java:61)
	at org.apache.synapse.deployers.AbstractSynapseArtifactDeployer.undeploy(AbstractSynapseArtifactDeployer.java:315)
	at org.apache.axis2.deployment.DeploymentEngine.unDeploy(DeploymentEngine.java:914)
	at org.apache.axis2.deployment.repository.util.WSInfoList.update(WSInfoList.java:143)
	at org.apache.axis2.deployment.RepositoryListener.update(RepositoryListener.java:377)
	at org.apache.axis2.deployment.RepositoryListener.checkServices(RepositoryListener.java:254)
	at org.apache.axis2.deployment.RepositoryListener.startListener(RepositoryListener.java:371)
	at org.apache.axis2.deployment.scheduler.SchedulerTask.checkRepository(SchedulerTask.java:59)
	at org.apache.axis2.deployment.scheduler.SchedulerTask.run(SchedulerTask.java:67)
	at org.wso2.carbon.core.deployment.CarbonDeploymentSchedulerTask.runAxisDeployment(CarbonDeploymentSchedulerTask.java:79)
	at org.wso2.carbon.core.deployment.CarbonDeploymentSchedulerTask.run(CarbonDeploymentSchedulerTask.java:124)
	at java.util.concurrent.Executors$RunnableAdapter.call(Executors.java:439)
	at java.util.concurrent.FutureTask$Sync.innerRunAndReset(FutureTask.java:317)
	at java.util.concurrent.FutureTask.runAndReset(FutureTask.java:150)
	at java.util.concurrent.ScheduledThreadPoolExecutor$ScheduledFutureTask.access$101(ScheduledThreadPoolExecutor.java:98)
	at java.util.concurrent.ScheduledThreadPoolExecutor$ScheduledFutureTask.runPeriodic(ScheduledThreadPoolExecutor.java:180)
	at java.util.concurrent.ScheduledThreadPoolExecutor$ScheduledFutureTask.run(ScheduledThreadPoolExecutor.java:204)
	at java.util.concurrent.ThreadPoolExecutor$Worker.runTask(ThreadPoolExecutor.java:895)
	at java.util.concurrent.ThreadPoolExecutor$Worker.run(ThreadPoolExecutor.java:918)
	at java.lang.Thread.run(Thread.java:695)
Caused by: java.lang.ClassNotFoundException: org.apache.synapse.config.xml.SynapsePathSerializer
	at org.eclipse.osgi.internal.loader.BundleLoader.findClassInternal(BundleLoader.java:501)
	at org.eclipse.osgi.internal.loader.BundleLoader.findClass(BundleLoader.java:421)
	at org.eclipse.osgi.internal.loader.BundleLoader.findClass(BundleLoader.java:412)
	at org.eclipse.osgi.internal.baseadaptor.DefaultClassLoader.loadClass(DefaultClassLoader.java:107)
	at java.lang.ClassLoader.loadClass(ClassLoader.java:247)
	... 29 more
