TID: [2015-08-13 14:53:49,838]  INFO {org.wso2.carbon.server.extensions.PatchInstaller} -  Patch changes detected  {org.wso2.carbon.server.extensions.PatchInstaller}
TID: [2015-08-13 14:53:51,877]  INFO {org.wso2.carbon.server.util.PatchUtils.console} -  Backed up plugins to patch0000 {org.wso2.carbon.server.util.PatchUtils.console}
TID: [2015-08-13 14:53:52,409]  INFO {org.wso2.carbon.server.util.PatchUtils.console} -  Patch verification started {org.wso2.carbon.server.util.PatchUtils.console}
TID: [2015-08-13 14:53:52,662]  INFO {org.wso2.carbon.server.util.PatchUtils.console} -  Patch verification successfully completed. {org.wso2.carbon.server.util.PatchUtils.console}
TID: [0] [AS] [2015-08-13 14:53:55,583]  INFO {org.wso2.carbon.core.internal.CarbonCoreActivator} -  Starting WSO2 Carbon... {org.wso2.carbon.core.internal.CarbonCoreActivator}
TID: [0] [AS] [2015-08-13 14:53:55,585]  INFO {org.wso2.carbon.core.internal.CarbonCoreActivator} -  Operating System : Mac OS X 10.9.5, x86_64 {org.wso2.carbon.core.internal.CarbonCoreActivator}
TID: [0] [AS] [2015-08-13 14:53:55,585]  INFO {org.wso2.carbon.core.internal.CarbonCoreActivator} -  Java Home        : /System/Library/Java/JavaVirtualMachines/1.6.0.jdk/Contents/Home {org.wso2.carbon.core.internal.CarbonCoreActivator}
TID: [0] [AS] [2015-08-13 14:53:55,585]  INFO {org.wso2.carbon.core.internal.CarbonCoreActivator} -  Java Version     : 1.6.0_65 {org.wso2.carbon.core.internal.CarbonCoreActivator}
TID: [0] [AS] [2015-08-13 14:53:55,585]  INFO {org.wso2.carbon.core.internal.CarbonCoreActivator} -  Java VM          : Java HotSpot(TM) 64-Bit Server VM 20.65-b04-466.1,Apple Inc. {org.wso2.carbon.core.internal.CarbonCoreActivator}
TID: [0] [AS] [2015-08-13 14:53:55,585]  INFO {org.wso2.carbon.core.internal.CarbonCoreActivator} -  Carbon Home      : /Users/godwin/Documents/Amila/Personal/MSC/3rdSemister/EnterpriceWebArchitect/Project/Source/WebServices/Servers/wso2as-5.2.1 {org.wso2.carbon.core.internal.CarbonCoreActivator}
TID: [0] [AS] [2015-08-13 14:53:55,585]  INFO {org.wso2.carbon.core.internal.CarbonCoreActivator} -  Java Temp Dir    : /Users/godwin/Documents/Amila/Personal/MSC/3rdSemister/EnterpriceWebArchitect/Project/Source/WebServices/Servers/wso2as-5.2.1/tmp {org.wso2.carbon.core.internal.CarbonCoreActivator}
TID: [0] [AS] [2015-08-13 14:53:55,585]  INFO {org.wso2.carbon.core.internal.CarbonCoreActivator} -  User             : godwin, en-US, Asia/Colombo {org.wso2.carbon.core.internal.CarbonCoreActivator}
TID: [0] [AS] [2015-08-13 14:53:55,645]  WARN {org.wso2.carbon.core.bootup.validator.util.ValidationResultPrinter} -  The default keystore (wso2carbon.jks) is currently being used. To maximize security when deploying to a production environment, configure a new keystore with a unique password in the production server profile. {org.wso2.carbon.core.bootup.validator.util.ValidationResultPrinter}
TID: [0] [AS] [2015-08-13 14:53:55,733]  INFO {org.wso2.carbon.databridge.agent.thrift.AgentHolder} -  Agent created ! {org.wso2.carbon.databridge.agent.thrift.AgentHolder}
TID: [0] [AS] [2015-08-13 14:53:55,749]  INFO {org.wso2.carbon.databridge.agent.thrift.internal.AgentDS} -  Successfully deployed Agent Client {org.wso2.carbon.databridge.agent.thrift.internal.AgentDS}
TID: [0] [AS] [2015-08-13 14:53:57,512]  INFO {org.wso2.carbon.registry.core.jdbc.EmbeddedRegistryService} -  Configured Registry in 87ms {org.wso2.carbon.registry.core.jdbc.EmbeddedRegistryService}
TID: [0] [AS] [2015-08-13 14:53:57,789]  INFO {org.wso2.carbon.registry.core.internal.RegistryCoreServiceComponent} -  Registry Mode    : READ-WRITE {org.wso2.carbon.registry.core.internal.RegistryCoreServiceComponent}
TID: [0] [AS] [2015-08-13 14:53:58,366]  INFO {org.wso2.carbon.user.core.internal.UserStoreMgtDSComponent} -  Carbon UserStoreMgtDSComponent activated successfully. {org.wso2.carbon.user.core.internal.UserStoreMgtDSComponent}
TID: [0] [AS] [2015-08-13 14:54:02,729]  INFO {org.apache.catalina.startup.TaglibUriRule} -  TLD skipped. URI: http://tiles.apache.org/tags-tiles is already defined {org.apache.catalina.startup.TaglibUriRule}
TID: [0] [AS] [2015-08-13 14:54:03,525]  INFO {org.apache.axis2.deployment.ClusterBuilder} -  Clustering has been disabled {org.apache.axis2.deployment.ClusterBuilder}
TID: [0] [AS] [2015-08-13 14:54:03,983]  INFO {org.wso2.carbon.stratos.landing.page.deployer.LandingPageWebappDeployer} -  Deployed product landing page webapp: StandardEngine[Catalina].StandardHost[localhost].StandardContext[/home] {org.wso2.carbon.stratos.landing.page.deployer.LandingPageWebappDeployer}
TID: [0] [AS] [2015-08-13 14:54:03,983]  INFO {org.wso2.carbon.identity.user.store.configuration.deployer.UserStoreConfigurationDeployer} -  User Store Configuration Deployer initiated. {org.wso2.carbon.identity.user.store.configuration.deployer.UserStoreConfigurationDeployer}
TID: [0] [AS] [2015-08-13 14:54:04,022]  INFO {org.apache.axis2.transport.tcp.TCPTransportSender} -  TCP Sender started {org.apache.axis2.transport.tcp.TCPTransportSender}
TID: [0] [AS] [2015-08-13 14:54:04,086]  INFO {org.wso2.carbon.core.deployment.DeploymentInterceptor} -  Deploying Axis2 service: echo {super-tenant} {org.wso2.carbon.core.deployment.DeploymentInterceptor}
TID: [0] [AS] [2015-08-13 14:54:04,134]  INFO {org.apache.axis2.deployment.DeploymentEngine} -  Deploying Web service: Echo.aar - file:/Users/godwin/Documents/Amila/Personal/MSC/3rdSemister/EnterpriceWebArchitect/Project/Source/WebServices/Servers/wso2as-5.2.1/repository/deployment/server/axis2services/Echo.aar {org.apache.axis2.deployment.DeploymentEngine}
TID: [0] [AS] [2015-08-13 14:54:04,144]  INFO {org.wso2.carbon.core.deployment.DeploymentInterceptor} -  Deploying Axis2 service: HelloService {super-tenant} {org.wso2.carbon.core.deployment.DeploymentInterceptor}
TID: [0] [AS] [2015-08-13 14:54:04,160]  INFO {org.apache.axis2.deployment.DeploymentEngine} -  Deploying Web service: HelloWorld.aar - file:/Users/godwin/Documents/Amila/Personal/MSC/3rdSemister/EnterpriceWebArchitect/Project/Source/WebServices/Servers/wso2as-5.2.1/repository/deployment/server/axis2services/HelloWorld.aar {org.apache.axis2.deployment.DeploymentEngine}
TID: [0] [AS] [2015-08-13 14:54:04,395]  INFO {org.wso2.carbon.core.deployment.DeploymentInterceptor} -  Deploying Axis2 service: admin/RESTSample {super-tenant} {org.wso2.carbon.core.deployment.DeploymentInterceptor}
TID: [0] [AS] [2015-08-13 14:54:04,445]  INFO {org.apache.axis2.deployment.DeploymentEngine} -  Deploying Web service: RESTSample.js - file:/Users/godwin/Documents/Amila/Personal/MSC/3rdSemister/EnterpriceWebArchitect/Project/Source/WebServices/Servers/wso2as-5.2.1/repository/deployment/server/jsservices/admin/RESTSample.js {org.apache.axis2.deployment.DeploymentEngine}
TID: [0] [AS] [2015-08-13 14:54:04,445]  INFO {org.wso2.carbon.mashup.jsservices.deployer.JSDeployer} -  Deploying Web service: RESTSample.js - file:/Users/godwin/Documents/Amila/Personal/MSC/3rdSemister/EnterpriceWebArchitect/Project/Source/WebServices/Servers/wso2as-5.2.1/repository/deployment/server/jsservices/admin/RESTSample.js {org.wso2.carbon.mashup.jsservices.deployer.JSDeployer}
TID: [0] [AS] [2015-08-13 14:54:04,474]  INFO {org.wso2.carbon.webapp.mgt.TomcatGenericWebappsDeployer} -  Deployed webapp: StandardEngine[Catalina].StandardHost[localhost].StandardContext[/STRATOS_ROOT].File[/Users/godwin/Documents/Amila/Personal/MSC/3rdSemister/EnterpriceWebArchitect/Project/Source/WebServices/Servers/wso2as-5.2.1/repository/deployment/server/webapps/STRATOS_ROOT] {org.wso2.carbon.webapp.mgt.TomcatGenericWebappsDeployer}
TID: [0] [AS] [2015-08-13 14:54:04,546]  INFO {org.wso2.carbon.core.deployment.DeploymentInterceptor} -  Deploying Axis2 service: Version {super-tenant} {org.wso2.carbon.core.deployment.DeploymentInterceptor}
TID: [0] [AS] [2015-08-13 14:54:04,565]  INFO {org.apache.axis2.deployment.DeploymentEngine} -  Deploying Web service: Version.aar - file:/Users/godwin/Documents/Amila/Personal/MSC/3rdSemister/EnterpriceWebArchitect/Project/Source/WebServices/Servers/wso2as-5.2.1/repository/deployment/server/axis2services/Version.aar {org.apache.axis2.deployment.DeploymentEngine}
TID: [0] [AS] [2015-08-13 14:54:04,871]  INFO {org.jaggeryjs.jaggery.app.mgt.TomcatJaggeryWebappsDeployer} -  Deployed webapp: StandardEngine[Catalina].StandardHost[localhost].StandardContext[/docs].File[/Users/godwin/Documents/Amila/Personal/MSC/3rdSemister/EnterpriceWebArchitect/Project/Source/WebServices/Servers/wso2as-5.2.1/repository/deployment/server/jaggeryapps/docs] {org.jaggeryjs.jaggery.app.mgt.TomcatJaggeryWebappsDeployer}
TID: [0] [AS] [2015-08-13 14:54:05,134]  INFO {org.wso2.carbon.webapp.mgt.TomcatGenericWebappsDeployer} -  Deployed webapp: StandardEngine[Catalina].StandardHost[localhost].StandardContext[/example].File[/Users/godwin/Documents/Amila/Personal/MSC/3rdSemister/EnterpriceWebArchitect/Project/Source/WebServices/Servers/wso2as-5.2.1/repository/deployment/server/webapps/example.war] {org.wso2.carbon.webapp.mgt.TomcatGenericWebappsDeployer}
TID: [0] [AS] [2015-08-13 14:54:06,190]  INFO {org.springframework.web.context.support.XmlWebApplicationContext} -  Refreshing Root WebApplicationContext: startup date [Thu Aug 13 14:54:06 IST 2015]; root of context hierarchy {org.springframework.web.context.support.XmlWebApplicationContext}
TID: [0] [AS] [2015-08-13 14:54:06,232]  INFO {org.springframework.beans.factory.xml.XmlBeanDefinitionReader} -  Loading XML bean definitions from class path resource [META-INF/cxf/cxf.xml] {org.springframework.beans.factory.xml.XmlBeanDefinitionReader}
TID: [0] [AS] [2015-08-13 14:54:06,312]  INFO {org.springframework.beans.factory.xml.XmlBeanDefinitionReader} -  Loading XML bean definitions from URL [jndi:/localhost/jaxrs_basic/WEB-INF/cxf-servlet.xml] {org.springframework.beans.factory.xml.XmlBeanDefinitionReader}
TID: [0] [AS] [2015-08-13 14:54:06,397]  INFO {org.springframework.beans.factory.support.DefaultListableBeanFactory} -  Pre-instantiating singletons in org.springframework.beans.factory.support.DefaultListableBeanFactory@22157ace: defining beans [cxf,org.apache.cxf.bus.spring.BusWiringBeanFactoryPostProcessor,org.apache.cxf.bus.spring.Jsr250BeanPostProcessor,org.apache.cxf.bus.spring.BusExtensionPostProcessor,customerService,serviceBean]; root of factory hierarchy {org.springframework.beans.factory.support.DefaultListableBeanFactory}
TID: [0] [AS] [2015-08-13 14:54:06,773]  INFO {org.apache.cxf.endpoint.ServerImpl} -  Setting the server's publish address to be /customers {org.apache.cxf.endpoint.ServerImpl}
TID: [0] [AS] [2015-08-13 14:54:06,851]  INFO {org.wso2.carbon.webapp.mgt.TomcatGenericWebappsDeployer} -  Deployed webapp: StandardEngine[Catalina].StandardHost[localhost].StandardContext[/jaxrs_basic].File[/Users/godwin/Documents/Amila/Personal/MSC/3rdSemister/EnterpriceWebArchitect/Project/Source/WebServices/Servers/wso2as-5.2.1/repository/deployment/server/webapps/jaxrs_basic.war] {org.wso2.carbon.webapp.mgt.TomcatGenericWebappsDeployer}
TID: [0] [AS] [2015-08-13 14:54:06,907]  INFO {org.apache.axis2.deployment.ModuleDeployer} -  Deploying module: addressing-1.6.1-wso2v10 - file:/Users/godwin/Documents/Amila/Personal/MSC/3rdSemister/EnterpriceWebArchitect/Project/Source/WebServices/Servers/wso2as-5.2.1/repository/deployment/client/modules/addressing-1.6.1-wso2v10.mar {org.apache.axis2.deployment.ModuleDeployer}
TID: [0] [AS] [2015-08-13 14:54:06,911]  INFO {org.apache.axis2.deployment.ModuleDeployer} -  Deploying module: rampart-1.6.1-wso2v12 - file:/Users/godwin/Documents/Amila/Personal/MSC/3rdSemister/EnterpriceWebArchitect/Project/Source/WebServices/Servers/wso2as-5.2.1/repository/deployment/client/modules/rampart-1.6.1-wso2v12.mar {org.apache.axis2.deployment.ModuleDeployer}
TID: [0] [AS] [2015-08-13 14:54:06,916]  INFO {org.apache.axis2.transport.tcp.TCPTransportSender} -  TCP Sender started {org.apache.axis2.transport.tcp.TCPTransportSender}
TID: [0] [AS] [2015-08-13 14:54:08,120]  INFO {org.apache.axis2.deployment.DeploymentEngine} -  Deploying Web service: org.wso2.carbon.tryit -  {org.apache.axis2.deployment.DeploymentEngine}
TID: [0] [AS] [2015-08-13 14:54:08,323]  INFO {org.wso2.carbon.core.init.CarbonServerManager} -  Repository       : /Users/godwin/Documents/Amila/Personal/MSC/3rdSemister/EnterpriceWebArchitect/Project/Source/WebServices/Servers/wso2as-5.2.1/repository/deployment/server/ {org.wso2.carbon.core.init.CarbonServerManager}
TID: [0] [AS] [2015-08-13 14:54:08,335]  INFO {org.wso2.carbon.bam.webapp.stat.publisher.internal.WebappStatisticsServiceComponent} -  BAM Web Apps Statistics Publishing is disabled {org.wso2.carbon.bam.webapp.stat.publisher.internal.WebappStatisticsServiceComponent}
TID: [0] [AS] [2015-08-13 14:54:08,351]  INFO {org.wso2.carbon.core.internal.permission.update.PermissionUpdater} -  Permission cache updated for tenant -1234 {org.wso2.carbon.core.internal.permission.update.PermissionUpdater}
TID: [0] [AS] [2015-08-13 14:54:08,511]  INFO {org.wso2.carbon.bam.service.data.publisher.internal.StatisticsServiceComponent} -  BAM Service Stat Publishing is disabled {org.wso2.carbon.bam.service.data.publisher.internal.StatisticsServiceComponent}
TID: [0] [AS] [2015-08-13 14:54:08,729]  INFO {org.wso2.carbon.core.transports.http.HttpsTransportListener} -  HTTPS port       : 9443 {org.wso2.carbon.core.transports.http.HttpsTransportListener}
TID: [0] [AS] [2015-08-13 14:54:08,729]  INFO {org.wso2.carbon.core.transports.http.HttpTransportListener} -  HTTP port        : 9763 {org.wso2.carbon.core.transports.http.HttpTransportListener}
TID: [0] [AS] [2015-08-13 14:54:08,746]  INFO {org.apache.tomcat.util.net.NioSelectorPool} -  Using a shared selector for servlet write/read {org.apache.tomcat.util.net.NioSelectorPool}
TID: [0] [AS] [2015-08-13 14:54:08,893]  INFO {org.apache.tomcat.util.net.NioSelectorPool} -  Using a shared selector for servlet write/read {org.apache.tomcat.util.net.NioSelectorPool}
TID: [0] [AS] [2015-08-13 14:54:08,950]  INFO {org.wso2.carbon.ntask.core.service.impl.TaskServiceImpl} -  Task service starting in STANDALONE mode... {org.wso2.carbon.ntask.core.service.impl.TaskServiceImpl}
TID: [0] [AS] [2015-08-13 14:54:09,037]  INFO {org.wso2.carbon.core.init.JMXServerManager} -  JMX Service URL  : service:jmx:rmi://localhost:11111/jndi/rmi://localhost:9999/jmxrmi {org.wso2.carbon.core.init.JMXServerManager}
TID: [0] [AS] [2015-08-13 14:54:09,038]  INFO {org.wso2.carbon.core.internal.StartupFinalizerServiceComponent} -  Server           :  Application Server-5.2.1 {org.wso2.carbon.core.internal.StartupFinalizerServiceComponent}
TID: [0] [AS] [2015-08-13 14:54:09,039]  INFO {org.wso2.carbon.core.internal.StartupFinalizerServiceComponent} -  WSO2 Carbon started in 19 sec {org.wso2.carbon.core.internal.StartupFinalizerServiceComponent}
TID: [0] [AS] [2015-08-13 14:54:09,290]  INFO {org.wso2.carbon.ui.internal.CarbonUIServiceComponent} -  Mgt Console URL  : https://10.100.5.170:9443/carbon/ {org.wso2.carbon.ui.internal.CarbonUIServiceComponent}
TID: [0] [AS] [2015-08-13 14:54:32,887]  INFO {org.wso2.carbon.core.services.util.CarbonAuthenticationUtil} -  'admin@carbon.super [-1234]' logged in at [2015-08-13 14:54:32,887+0530] {org.wso2.carbon.core.services.util.CarbonAuthenticationUtil}
TID: [0] [AS] [2015-08-13 14:55:07,037]  INFO {org.wso2.carbon.core.deployment.DeploymentInterceptor} -  Deploying Axis2 service: ChannelService {super-tenant} {org.wso2.carbon.core.deployment.DeploymentInterceptor}
TID: [0] [AS] [2015-08-13 14:55:07,069]  INFO {org.apache.axis2.deployment.DeploymentEngine} -  Deploying Web service: ChannelService_1.0.0.aar - file:/Users/godwin/Documents/Amila/Personal/MSC/3rdSemister/EnterpriceWebArchitect/Project/Source/WebServices/Servers/wso2as-5.2.1/repository/deployment/server/axis2services/ChannelService_1.0.0.aar {org.apache.axis2.deployment.DeploymentEngine}
TID: [0] [AS] [2015-08-13 15:10:19,547]  INFO {org.wso2.carbon.core.init.CarbonServerManager} -  Shutdown hook triggered.... {org.wso2.carbon.core.init.CarbonServerManager}
TID: [0] [AS] [2015-08-13 15:10:19,553]  INFO {org.wso2.carbon.core.init.CarbonServerManager} -  Gracefully shutting down Application Server... {org.wso2.carbon.core.init.CarbonServerManager}
TID: [0] [AS] [2015-08-13 15:10:19,558]  INFO {org.wso2.carbon.core.ServerManagement} -  Starting to switch to maintenance mode... {org.wso2.carbon.core.ServerManagement}
TID: [0] [AS] [2015-08-13 15:10:19,559]  INFO {org.wso2.carbon.core.ServerManagement} -  Stopped all transport listeners {org.wso2.carbon.core.ServerManagement}
TID: [0] [AS] [2015-08-13 15:10:19,559]  INFO {org.wso2.carbon.core.ServerManagement} -  Waiting for request service completion... {org.wso2.carbon.core.ServerManagement}
TID: [0] [AS] [2015-08-13 15:10:19,564]  INFO {org.wso2.carbon.core.ServerManagement} -  All requests have been served. {org.wso2.carbon.core.ServerManagement}
TID: [0] [AS] [2015-08-13 15:10:19,564]  INFO {org.wso2.carbon.core.ServerManagement} -  Waiting for deployment completion... {org.wso2.carbon.core.ServerManagement}
TID: [0] [AS] [2015-08-13 15:10:19,597]  INFO {org.wso2.carbon.webapp.mgt.WebApplication} -  Unloaded webapp: StandardEngine[Catalina].StandardHost[localhost].StandardContext[/STRATOS_ROOT] {org.wso2.carbon.webapp.mgt.WebApplication}
TID: [0] [AS] [2015-08-13 15:10:19,598]  INFO {org.springframework.web.context.support.XmlWebApplicationContext} -  Closing Root WebApplicationContext: startup date [Thu Aug 13 14:54:06 IST 2015]; root of context hierarchy {org.springframework.web.context.support.XmlWebApplicationContext}
TID: [0] [AS] [2015-08-13 15:10:19,600]  INFO {org.springframework.beans.factory.support.DefaultListableBeanFactory} -  Destroying singletons in org.springframework.beans.factory.support.DefaultListableBeanFactory@22157ace: defining beans [cxf,org.apache.cxf.bus.spring.BusWiringBeanFactoryPostProcessor,org.apache.cxf.bus.spring.Jsr250BeanPostProcessor,org.apache.cxf.bus.spring.BusExtensionPostProcessor,customerService,serviceBean]; root of factory hierarchy {org.springframework.beans.factory.support.DefaultListableBeanFactory}
TID: [0] [AS] [2015-08-13 15:10:19,618]  INFO {org.wso2.carbon.webapp.mgt.WebApplication} -  Unloaded webapp: StandardEngine[Catalina].StandardHost[localhost].StandardContext[/jaxrs_basic] {org.wso2.carbon.webapp.mgt.WebApplication}
TID: [0] [AS] [2015-08-13 15:10:19,640]  INFO {org.wso2.carbon.webapp.mgt.WebApplication} -  Unloaded webapp: StandardEngine[Catalina].StandardHost[localhost].StandardContext[/example] {org.wso2.carbon.webapp.mgt.WebApplication}
TID: [0] [AS] [2015-08-13 15:10:19,647]  INFO {org.wso2.carbon.webapp.mgt.WebApplication} -  Unloaded webapp: StandardEngine[Catalina].StandardHost[localhost].StandardContext[/docs] {org.wso2.carbon.webapp.mgt.WebApplication}
TID: [0] [AS] [2015-08-13 15:10:19,647]  INFO {org.wso2.carbon.core.ServerManagement} -  All deployment tasks have been completed. {org.wso2.carbon.core.ServerManagement}
TID: [0] [AS] [2015-08-13 15:10:19,647]  INFO {org.wso2.carbon.core.ServerManagement} -  Waiting for server task completion... {org.wso2.carbon.core.ServerManagement}
TID: [0] [AS] [2015-08-13 15:10:19,647]  INFO {org.wso2.carbon.core.ServerManagement} -  All server tasks have been completed. {org.wso2.carbon.core.ServerManagement}
TID: [0] [AS] [2015-08-13 15:10:19,647]  INFO {org.wso2.carbon.core.init.CarbonServerManager} -  Shutting down Application Server... {org.wso2.carbon.core.init.CarbonServerManager}
TID: [0] [AS] [2015-08-13 15:10:19,648]  INFO {org.wso2.carbon.core.init.CarbonServerManager} -  Shutting down OSGi framework... {org.wso2.carbon.core.init.CarbonServerManager}
TID: [0] [AS] [2015-08-13 15:10:21,919]  INFO {org.wso2.carbon.core.init.CarbonServerManager} -  Stopping CarbonServerManager... {org.wso2.carbon.core.init.CarbonServerManager}
TID: [0] [AS] [2015-08-13 15:10:21,927]  INFO {org.apache.axis2.transport.tcp.TCPTransportSender} -  TCP Sender Shutdown {org.apache.axis2.transport.tcp.TCPTransportSender}
TID: [0] [AS] [2015-08-13 15:10:22,226]  INFO {org.wso2.carbon.tomcat.ext.internal.CarbonTomcatServiceComponent} -  Stopping the carbon web-app registered under : / {org.wso2.carbon.tomcat.ext.internal.CarbonTomcatServiceComponent}
TID: [0] [AS] [2015-08-13 15:10:22,724]  INFO {org.wso2.carbon.core.init.CarbonServerManager} -  Shutdown complete {org.wso2.carbon.core.init.CarbonServerManager}
TID: [0] [AS] [2015-08-13 15:10:22,725]  INFO {org.wso2.carbon.core.init.CarbonServerManager} -  Halting JVM {org.wso2.carbon.core.init.CarbonServerManager}
TID: [0] [AS] [2015-08-13 15:32:28,936]  INFO {org.wso2.carbon.core.internal.CarbonCoreActivator} -  Starting WSO2 Carbon... {org.wso2.carbon.core.internal.CarbonCoreActivator}
TID: [0] [AS] [2015-08-13 15:32:28,939]  INFO {org.wso2.carbon.core.internal.CarbonCoreActivator} -  Operating System : Mac OS X 10.9.5, x86_64 {org.wso2.carbon.core.internal.CarbonCoreActivator}
TID: [0] [AS] [2015-08-13 15:32:28,939]  INFO {org.wso2.carbon.core.internal.CarbonCoreActivator} -  Java Home        : /System/Library/Java/JavaVirtualMachines/1.6.0.jdk/Contents/Home {org.wso2.carbon.core.internal.CarbonCoreActivator}
TID: [0] [AS] [2015-08-13 15:32:28,940]  INFO {org.wso2.carbon.core.internal.CarbonCoreActivator} -  Java Version     : 1.6.0_65 {org.wso2.carbon.core.internal.CarbonCoreActivator}
TID: [0] [AS] [2015-08-13 15:32:28,940]  INFO {org.wso2.carbon.core.internal.CarbonCoreActivator} -  Java VM          : Java HotSpot(TM) 64-Bit Server VM 20.65-b04-466.1,Apple Inc. {org.wso2.carbon.core.internal.CarbonCoreActivator}
TID: [0] [AS] [2015-08-13 15:32:28,940]  INFO {org.wso2.carbon.core.internal.CarbonCoreActivator} -  Carbon Home      : /Users/godwin/Documents/Amila/Personal/MSC/3rdSemister/EnterpriceWebArchitect/Project/Source/WebServices/Servers/wso2as-5.2.1 {org.wso2.carbon.core.internal.CarbonCoreActivator}
TID: [0] [AS] [2015-08-13 15:32:28,940]  INFO {org.wso2.carbon.core.internal.CarbonCoreActivator} -  Java Temp Dir    : /Users/godwin/Documents/Amila/Personal/MSC/3rdSemister/EnterpriceWebArchitect/Project/Source/WebServices/Servers/wso2as-5.2.1/tmp {org.wso2.carbon.core.internal.CarbonCoreActivator}
TID: [0] [AS] [2015-08-13 15:32:28,940]  INFO {org.wso2.carbon.core.internal.CarbonCoreActivator} -  User             : godwin, en-US, Asia/Colombo {org.wso2.carbon.core.internal.CarbonCoreActivator}
TID: [0] [AS] [2015-08-13 15:32:29,016]  WARN {org.wso2.carbon.core.bootup.validator.util.ValidationResultPrinter} -  The default keystore (wso2carbon.jks) is currently being used. To maximize security when deploying to a production environment, configure a new keystore with a unique password in the production server profile. {org.wso2.carbon.core.bootup.validator.util.ValidationResultPrinter}
TID: [0] [AS] [2015-08-13 15:32:29,104]  INFO {org.wso2.carbon.databridge.agent.thrift.AgentHolder} -  Agent created ! {org.wso2.carbon.databridge.agent.thrift.AgentHolder}
TID: [0] [AS] [2015-08-13 15:32:29,125]  INFO {org.wso2.carbon.databridge.agent.thrift.internal.AgentDS} -  Successfully deployed Agent Client {org.wso2.carbon.databridge.agent.thrift.internal.AgentDS}
TID: [0] [AS] [2015-08-13 15:32:30,827]  INFO {org.wso2.carbon.registry.core.jdbc.EmbeddedRegistryService} -  Configured Registry in 41ms {org.wso2.carbon.registry.core.jdbc.EmbeddedRegistryService}
TID: [0] [AS] [2015-08-13 15:32:30,906]  INFO {org.wso2.carbon.registry.core.internal.RegistryCoreServiceComponent} -  Registry Mode    : READ-WRITE {org.wso2.carbon.registry.core.internal.RegistryCoreServiceComponent}
TID: [0] [AS] [2015-08-13 15:32:31,416]  INFO {org.wso2.carbon.user.core.internal.UserStoreMgtDSComponent} -  Carbon UserStoreMgtDSComponent activated successfully. {org.wso2.carbon.user.core.internal.UserStoreMgtDSComponent}
TID: [0] [AS] [2015-08-13 15:32:36,530]  INFO {org.apache.catalina.startup.TaglibUriRule} -  TLD skipped. URI: http://tiles.apache.org/tags-tiles is already defined {org.apache.catalina.startup.TaglibUriRule}
TID: [0] [AS] [2015-08-13 15:32:37,344]  INFO {org.apache.axis2.deployment.ClusterBuilder} -  Clustering has been disabled {org.apache.axis2.deployment.ClusterBuilder}
TID: [0] [AS] [2015-08-13 15:32:37,673]  INFO {org.wso2.carbon.stratos.landing.page.deployer.LandingPageWebappDeployer} -  Deployed product landing page webapp: StandardEngine[Catalina].StandardHost[localhost].StandardContext[/home] {org.wso2.carbon.stratos.landing.page.deployer.LandingPageWebappDeployer}
TID: [0] [AS] [2015-08-13 15:32:37,673]  INFO {org.wso2.carbon.identity.user.store.configuration.deployer.UserStoreConfigurationDeployer} -  User Store Configuration Deployer initiated. {org.wso2.carbon.identity.user.store.configuration.deployer.UserStoreConfigurationDeployer}
TID: [0] [AS] [2015-08-13 15:32:37,706]  INFO {org.apache.axis2.transport.tcp.TCPTransportSender} -  TCP Sender started {org.apache.axis2.transport.tcp.TCPTransportSender}
TID: [0] [AS] [2015-08-13 15:32:37,792]  INFO {org.wso2.carbon.core.deployment.DeploymentInterceptor} -  Deploying Axis2 service: ChannelService {super-tenant} {org.wso2.carbon.core.deployment.DeploymentInterceptor}
TID: [0] [AS] [2015-08-13 15:32:37,844]  INFO {org.apache.axis2.deployment.DeploymentEngine} -  Deploying Web service: ChannelService_1.0.0.aar - file:/Users/godwin/Documents/Amila/Personal/MSC/3rdSemister/EnterpriceWebArchitect/Project/Source/WebServices/Servers/wso2as-5.2.1/repository/deployment/server/axis2services/ChannelService_1.0.0.aar {org.apache.axis2.deployment.DeploymentEngine}
TID: [0] [AS] [2015-08-13 15:32:37,894]  INFO {org.wso2.carbon.core.deployment.DeploymentInterceptor} -  Deploying Axis2 service: ChannelService {super-tenant} {org.wso2.carbon.core.deployment.DeploymentInterceptor}
TID: [0] [AS] [2015-08-13 15:32:37,955]  INFO {org.wso2.carbon.core.deployment.DeploymentInterceptor} -  Deploying Axis2 service: echo {super-tenant} {org.wso2.carbon.core.deployment.DeploymentInterceptor}
TID: [0] [AS] [2015-08-13 15:32:38,011]  INFO {org.apache.axis2.deployment.DeploymentEngine} -  Deploying Web service: Echo.aar - file:/Users/godwin/Documents/Amila/Personal/MSC/3rdSemister/EnterpriceWebArchitect/Project/Source/WebServices/Servers/wso2as-5.2.1/repository/deployment/server/axis2services/Echo.aar {org.apache.axis2.deployment.DeploymentEngine}
TID: [0] [AS] [2015-08-13 15:32:38,070]  INFO {org.wso2.carbon.core.deployment.DeploymentInterceptor} -  Deploying Axis2 service: echo {super-tenant} {org.wso2.carbon.core.deployment.DeploymentInterceptor}
TID: [0] [AS] [2015-08-13 15:32:38,123]  INFO {org.wso2.carbon.core.deployment.DeploymentInterceptor} -  Deploying Axis2 service: HelloService {super-tenant} {org.wso2.carbon.core.deployment.DeploymentInterceptor}
TID: [0] [AS] [2015-08-13 15:32:38,134]  INFO {org.apache.axis2.deployment.DeploymentEngine} -  Deploying Web service: HelloWorld.aar - file:/Users/godwin/Documents/Amila/Personal/MSC/3rdSemister/EnterpriceWebArchitect/Project/Source/WebServices/Servers/wso2as-5.2.1/repository/deployment/server/axis2services/HelloWorld.aar {org.apache.axis2.deployment.DeploymentEngine}
TID: [0] [AS] [2015-08-13 15:32:38,148]  INFO {org.wso2.carbon.core.deployment.DeploymentInterceptor} -  Deploying Axis2 service: HelloService {super-tenant} {org.wso2.carbon.core.deployment.DeploymentInterceptor}
TID: [0] [AS] [2015-08-13 15:32:38,378]  INFO {org.wso2.carbon.core.deployment.DeploymentInterceptor} -  Deploying Axis2 service: admin/RESTSample {super-tenant} {org.wso2.carbon.core.deployment.DeploymentInterceptor}
TID: [0] [AS] [2015-08-13 15:32:38,405]  INFO {org.apache.axis2.deployment.DeploymentEngine} -  Deploying Web service: RESTSample.js - file:/Users/godwin/Documents/Amila/Personal/MSC/3rdSemister/EnterpriceWebArchitect/Project/Source/WebServices/Servers/wso2as-5.2.1/repository/deployment/server/jsservices/admin/RESTSample.js {org.apache.axis2.deployment.DeploymentEngine}
TID: [0] [AS] [2015-08-13 15:32:38,406]  INFO {org.wso2.carbon.mashup.jsservices.deployer.JSDeployer} -  Deploying Web service: RESTSample.js - file:/Users/godwin/Documents/Amila/Personal/MSC/3rdSemister/EnterpriceWebArchitect/Project/Source/WebServices/Servers/wso2as-5.2.1/repository/deployment/server/jsservices/admin/RESTSample.js {org.wso2.carbon.mashup.jsservices.deployer.JSDeployer}
TID: [0] [AS] [2015-08-13 15:32:38,444]  INFO {org.wso2.carbon.core.deployment.DeploymentInterceptor} -  Deploying Axis2 service: admin/RESTSample {super-tenant} {org.wso2.carbon.core.deployment.DeploymentInterceptor}
TID: [0] [AS] [2015-08-13 15:32:38,497]  INFO {org.wso2.carbon.webapp.mgt.TomcatGenericWebappsDeployer} -  Deployed webapp: StandardEngine[Catalina].StandardHost[localhost].StandardContext[/STRATOS_ROOT].File[/Users/godwin/Documents/Amila/Personal/MSC/3rdSemister/EnterpriceWebArchitect/Project/Source/WebServices/Servers/wso2as-5.2.1/repository/deployment/server/webapps/STRATOS_ROOT] {org.wso2.carbon.webapp.mgt.TomcatGenericWebappsDeployer}
TID: [0] [AS] [2015-08-13 15:32:38,564]  INFO {org.wso2.carbon.core.deployment.DeploymentInterceptor} -  Deploying Axis2 service: Version {super-tenant} {org.wso2.carbon.core.deployment.DeploymentInterceptor}
TID: [0] [AS] [2015-08-13 15:32:38,572]  INFO {org.apache.axis2.deployment.DeploymentEngine} -  Deploying Web service: Version.aar - file:/Users/godwin/Documents/Amila/Personal/MSC/3rdSemister/EnterpriceWebArchitect/Project/Source/WebServices/Servers/wso2as-5.2.1/repository/deployment/server/axis2services/Version.aar {org.apache.axis2.deployment.DeploymentEngine}
TID: [0] [AS] [2015-08-13 15:32:38,582]  INFO {org.wso2.carbon.core.deployment.DeploymentInterceptor} -  Deploying Axis2 service: Version {super-tenant} {org.wso2.carbon.core.deployment.DeploymentInterceptor}
TID: [0] [AS] [2015-08-13 15:32:38,888]  INFO {org.jaggeryjs.jaggery.app.mgt.TomcatJaggeryWebappsDeployer} -  Deployed webapp: StandardEngine[Catalina].StandardHost[localhost].StandardContext[/docs].File[/Users/godwin/Documents/Amila/Personal/MSC/3rdSemister/EnterpriceWebArchitect/Project/Source/WebServices/Servers/wso2as-5.2.1/repository/deployment/server/jaggeryapps/docs] {org.jaggeryjs.jaggery.app.mgt.TomcatJaggeryWebappsDeployer}
TID: [0] [AS] [2015-08-13 15:32:38,987]  INFO {org.wso2.carbon.webapp.mgt.TomcatGenericWebappsDeployer} -  Deployed webapp: StandardEngine[Catalina].StandardHost[localhost].StandardContext[/example].File[/Users/godwin/Documents/Amila/Personal/MSC/3rdSemister/EnterpriceWebArchitect/Project/Source/WebServices/Servers/wso2as-5.2.1/repository/deployment/server/webapps/example.war] {org.wso2.carbon.webapp.mgt.TomcatGenericWebappsDeployer}
TID: [0] [AS] [2015-08-13 15:32:40,051]  INFO {org.springframework.web.context.support.XmlWebApplicationContext} -  Refreshing Root WebApplicationContext: startup date [Thu Aug 13 15:32:40 IST 2015]; root of context hierarchy {org.springframework.web.context.support.XmlWebApplicationContext}
TID: [0] [AS] [2015-08-13 15:32:40,093]  INFO {org.springframework.beans.factory.xml.XmlBeanDefinitionReader} -  Loading XML bean definitions from class path resource [META-INF/cxf/cxf.xml] {org.springframework.beans.factory.xml.XmlBeanDefinitionReader}
TID: [0] [AS] [2015-08-13 15:32:40,183]  INFO {org.springframework.beans.factory.xml.XmlBeanDefinitionReader} -  Loading XML bean definitions from URL [jndi:/localhost/jaxrs_basic/WEB-INF/cxf-servlet.xml] {org.springframework.beans.factory.xml.XmlBeanDefinitionReader}
TID: [0] [AS] [2015-08-13 15:32:40,264]  INFO {org.springframework.beans.factory.support.DefaultListableBeanFactory} -  Pre-instantiating singletons in org.springframework.beans.factory.support.DefaultListableBeanFactory@3e7cddcb: defining beans [cxf,org.apache.cxf.bus.spring.BusWiringBeanFactoryPostProcessor,org.apache.cxf.bus.spring.Jsr250BeanPostProcessor,org.apache.cxf.bus.spring.BusExtensionPostProcessor,customerService,serviceBean]; root of factory hierarchy {org.springframework.beans.factory.support.DefaultListableBeanFactory}
TID: [0] [AS] [2015-08-13 15:32:40,605]  INFO {org.apache.cxf.endpoint.ServerImpl} -  Setting the server's publish address to be /customers {org.apache.cxf.endpoint.ServerImpl}
TID: [0] [AS] [2015-08-13 15:32:40,729]  INFO {org.wso2.carbon.webapp.mgt.TomcatGenericWebappsDeployer} -  Deployed webapp: StandardEngine[Catalina].StandardHost[localhost].StandardContext[/jaxrs_basic].File[/Users/godwin/Documents/Amila/Personal/MSC/3rdSemister/EnterpriceWebArchitect/Project/Source/WebServices/Servers/wso2as-5.2.1/repository/deployment/server/webapps/jaxrs_basic.war] {org.wso2.carbon.webapp.mgt.TomcatGenericWebappsDeployer}
TID: [0] [AS] [2015-08-13 15:32:40,822]  INFO {org.apache.axis2.deployment.ModuleDeployer} -  Deploying module: addressing-1.6.1-wso2v10 - file:/Users/godwin/Documents/Amila/Personal/MSC/3rdSemister/EnterpriceWebArchitect/Project/Source/WebServices/Servers/wso2as-5.2.1/repository/deployment/client/modules/addressing-1.6.1-wso2v10.mar {org.apache.axis2.deployment.ModuleDeployer}
TID: [0] [AS] [2015-08-13 15:32:40,826]  INFO {org.apache.axis2.deployment.ModuleDeployer} -  Deploying module: rampart-1.6.1-wso2v12 - file:/Users/godwin/Documents/Amila/Personal/MSC/3rdSemister/EnterpriceWebArchitect/Project/Source/WebServices/Servers/wso2as-5.2.1/repository/deployment/client/modules/rampart-1.6.1-wso2v12.mar {org.apache.axis2.deployment.ModuleDeployer}
TID: [0] [AS] [2015-08-13 15:32:40,829]  INFO {org.apache.axis2.transport.tcp.TCPTransportSender} -  TCP Sender started {org.apache.axis2.transport.tcp.TCPTransportSender}
TID: [0] [AS] [2015-08-13 15:32:41,979]  INFO {org.apache.axis2.deployment.DeploymentEngine} -  Deploying Web service: org.wso2.carbon.tryit -  {org.apache.axis2.deployment.DeploymentEngine}
TID: [0] [AS] [2015-08-13 15:32:42,204]  INFO {org.wso2.carbon.core.init.CarbonServerManager} -  Repository       : /Users/godwin/Documents/Amila/Personal/MSC/3rdSemister/EnterpriceWebArchitect/Project/Source/WebServices/Servers/wso2as-5.2.1/repository/deployment/server/ {org.wso2.carbon.core.init.CarbonServerManager}
TID: [0] [AS] [2015-08-13 15:32:42,216]  INFO {org.wso2.carbon.bam.webapp.stat.publisher.internal.WebappStatisticsServiceComponent} -  BAM Web Apps Statistics Publishing is disabled {org.wso2.carbon.bam.webapp.stat.publisher.internal.WebappStatisticsServiceComponent}
TID: [0] [AS] [2015-08-13 15:32:42,237]  INFO {org.wso2.carbon.core.internal.permission.update.PermissionUpdater} -  Permission cache updated for tenant -1234 {org.wso2.carbon.core.internal.permission.update.PermissionUpdater}
TID: [0] [AS] [2015-08-13 15:32:42,392]  INFO {org.wso2.carbon.bam.service.data.publisher.internal.StatisticsServiceComponent} -  BAM Service Stat Publishing is disabled {org.wso2.carbon.bam.service.data.publisher.internal.StatisticsServiceComponent}
TID: [0] [AS] [2015-08-13 15:32:42,966]  INFO {org.wso2.carbon.core.transports.http.HttpsTransportListener} -  HTTPS port       : 9443 {org.wso2.carbon.core.transports.http.HttpsTransportListener}
TID: [0] [AS] [2015-08-13 15:32:42,968]  INFO {org.wso2.carbon.core.transports.http.HttpTransportListener} -  HTTP port        : 9763 {org.wso2.carbon.core.transports.http.HttpTransportListener}
TID: [0] [AS] [2015-08-13 15:32:42,985]  INFO {org.apache.tomcat.util.net.NioSelectorPool} -  Using a shared selector for servlet write/read {org.apache.tomcat.util.net.NioSelectorPool}
TID: [0] [AS] [2015-08-13 15:32:43,141]  INFO {org.apache.tomcat.util.net.NioSelectorPool} -  Using a shared selector for servlet write/read {org.apache.tomcat.util.net.NioSelectorPool}
TID: [0] [AS] [2015-08-13 15:32:43,197]  INFO {org.wso2.carbon.ntask.core.service.impl.TaskServiceImpl} -  Task service starting in STANDALONE mode... {org.wso2.carbon.ntask.core.service.impl.TaskServiceImpl}
TID: [0] [AS] [2015-08-13 15:32:43,268]  INFO {org.wso2.carbon.core.init.JMXServerManager} -  JMX Service URL  : service:jmx:rmi://localhost:11111/jndi/rmi://localhost:9999/jmxrmi {org.wso2.carbon.core.init.JMXServerManager}
TID: [0] [AS] [2015-08-13 15:32:43,269]  INFO {org.wso2.carbon.core.internal.StartupFinalizerServiceComponent} -  Server           :  Application Server-5.2.1 {org.wso2.carbon.core.internal.StartupFinalizerServiceComponent}
TID: [0] [AS] [2015-08-13 15:32:43,269]  INFO {org.wso2.carbon.core.internal.StartupFinalizerServiceComponent} -  WSO2 Carbon started in 18 sec {org.wso2.carbon.core.internal.StartupFinalizerServiceComponent}
TID: [0] [AS] [2015-08-13 15:32:43,498]  INFO {org.wso2.carbon.ui.internal.CarbonUIServiceComponent} -  Mgt Console URL  : https://10.100.5.170:9443/carbon/ {org.wso2.carbon.ui.internal.CarbonUIServiceComponent}
TID: [0] [AS] [2015-08-13 15:33:10,568]  INFO {org.wso2.carbon.core.services.util.CarbonAuthenticationUtil} -  'admin@carbon.super [-1234]' logged in at [2015-08-13 15:33:10,567+0530] {org.wso2.carbon.core.services.util.CarbonAuthenticationUtil}
TID: [0] [AS] [2015-08-13 20:01:23,495]  INFO {org.apache.axis2.deployment.ServiceDeployer} -  Undeploying Web service: Version {org.apache.axis2.deployment.ServiceDeployer}
TID: [0] [AS] [2015-08-13 20:01:23,543]  INFO {org.wso2.carbon.webapp.mgt.WebApplication} -  Unloaded webapp: StandardEngine[Catalina].StandardHost[localhost].StandardContext[/docs] {org.wso2.carbon.webapp.mgt.WebApplication}
TID: [0] [AS] [2015-08-13 20:01:23,543]  INFO {org.wso2.carbon.webapp.mgt.TomcatGenericWebappsDeployer} -  Undeployed webapp: StandardEngine[Catalina].StandardHost[localhost].StandardContext[/docs].File[/Users/godwin/Documents/Amila/Personal/MSC/3rdSemister/EnterpriceWebArchitect/Project/Source/WebServices/Servers/wso2as-5.2.1/repository/deployment/server/jaggeryapps/docs] {org.wso2.carbon.webapp.mgt.TomcatGenericWebappsDeployer}
TID: [0] [AS] [2015-08-13 20:01:23,545]  INFO {org.wso2.carbon.mashup.jsservices.deployer.JSDeployer} -  Undeploying Web service: admin/RESTSample {org.wso2.carbon.mashup.jsservices.deployer.JSDeployer}
TID: [0] [AS] [2015-08-13 20:01:23,550]  INFO {org.wso2.carbon.webapp.mgt.WebApplication} -  Unloaded webapp: StandardEngine[Catalina].StandardHost[localhost].StandardContext[/STRATOS_ROOT] {org.wso2.carbon.webapp.mgt.WebApplication}
TID: [0] [AS] [2015-08-13 20:01:23,550]  INFO {org.wso2.carbon.webapp.mgt.TomcatGenericWebappsDeployer} -  Undeployed webapp: StandardEngine[Catalina].StandardHost[localhost].StandardContext[/STRATOS_ROOT].File[/Users/godwin/Documents/Amila/Personal/MSC/3rdSemister/EnterpriceWebArchitect/Project/Source/WebServices/Servers/wso2as-5.2.1/repository/deployment/server/webapps/STRATOS_ROOT] {org.wso2.carbon.webapp.mgt.TomcatGenericWebappsDeployer}
TID: [0] [AS] [2015-08-13 20:01:23,560]  INFO {org.wso2.carbon.webapp.mgt.WebApplication} -  Unloaded webapp: StandardEngine[Catalina].StandardHost[localhost].StandardContext[/example] {org.wso2.carbon.webapp.mgt.WebApplication}
TID: [0] [AS] [2015-08-13 20:01:23,560]  INFO {org.wso2.carbon.webapp.mgt.TomcatGenericWebappsDeployer} -  Undeployed webapp: StandardEngine[Catalina].StandardHost[localhost].StandardContext[/example].File[/Users/godwin/Documents/Amila/Personal/MSC/3rdSemister/EnterpriceWebArchitect/Project/Source/WebServices/Servers/wso2as-5.2.1/repository/deployment/server/webapps/example.war] {org.wso2.carbon.webapp.mgt.TomcatGenericWebappsDeployer}
TID: [0] [AS] [2015-08-13 20:01:23,561]  INFO {org.apache.axis2.deployment.ServiceDeployer} -  Undeploying Web service: Echo {org.apache.axis2.deployment.ServiceDeployer}
TID: [0] [AS] [2015-08-13 20:01:23,562]  INFO {org.apache.axis2.deployment.ServiceDeployer} -  Undeploying Web service: HelloWorld {org.apache.axis2.deployment.ServiceDeployer}
TID: [0] [AS] [2015-08-13 20:01:23,563]  INFO {org.springframework.web.context.support.XmlWebApplicationContext} -  Closing Root WebApplicationContext: startup date [Thu Aug 13 15:32:40 IST 2015]; root of context hierarchy {org.springframework.web.context.support.XmlWebApplicationContext}
TID: [0] [AS] [2015-08-13 20:01:23,566]  INFO {org.springframework.beans.factory.support.DefaultListableBeanFactory} -  Destroying singletons in org.springframework.beans.factory.support.DefaultListableBeanFactory@3e7cddcb: defining beans [cxf,org.apache.cxf.bus.spring.BusWiringBeanFactoryPostProcessor,org.apache.cxf.bus.spring.Jsr250BeanPostProcessor,org.apache.cxf.bus.spring.BusExtensionPostProcessor,customerService,serviceBean]; root of factory hierarchy {org.springframework.beans.factory.support.DefaultListableBeanFactory}
TID: [0] [AS] [2015-08-13 20:01:23,580]  INFO {org.wso2.carbon.webapp.mgt.WebApplication} -  Unloaded webapp: StandardEngine[Catalina].StandardHost[localhost].StandardContext[/jaxrs_basic] {org.wso2.carbon.webapp.mgt.WebApplication}
TID: [0] [AS] [2015-08-13 20:01:23,580]  INFO {org.wso2.carbon.webapp.mgt.TomcatGenericWebappsDeployer} -  Undeployed webapp: StandardEngine[Catalina].StandardHost[localhost].StandardContext[/jaxrs_basic].File[/Users/godwin/Documents/Amila/Personal/MSC/3rdSemister/EnterpriceWebArchitect/Project/Source/WebServices/Servers/wso2as-5.2.1/repository/deployment/server/webapps/jaxrs_basic.war] {org.wso2.carbon.webapp.mgt.TomcatGenericWebappsDeployer}
TID: [0] [AS] [2015-08-13 20:01:23,581]  INFO {org.apache.axis2.deployment.ServiceDeployer} -  Undeploying Web service: ChannelService_1.0.0 {org.apache.axis2.deployment.ServiceDeployer}
TID: [0] [AS] [2015-08-13 20:01:30,631]  INFO {org.wso2.carbon.core.init.CarbonServerManager} -  Shutdown hook triggered.... {org.wso2.carbon.core.init.CarbonServerManager}
TID: [0] [AS] [2015-08-13 20:01:30,641]  INFO {org.wso2.carbon.core.init.CarbonServerManager} -  Gracefully shutting down Application Server... {org.wso2.carbon.core.init.CarbonServerManager}
TID: [0] [AS] [2015-08-13 20:01:30,646]  INFO {org.wso2.carbon.core.ServerManagement} -  Starting to switch to maintenance mode... {org.wso2.carbon.core.ServerManagement}
TID: [0] [AS] [2015-08-13 20:01:30,646]  INFO {org.wso2.carbon.core.ServerManagement} -  Stopped all transport listeners {org.wso2.carbon.core.ServerManagement}
TID: [0] [AS] [2015-08-13 20:01:30,646]  INFO {org.wso2.carbon.core.ServerManagement} -  Waiting for request service completion... {org.wso2.carbon.core.ServerManagement}
TID: [0] [AS] [2015-08-13 20:01:30,650]  INFO {org.wso2.carbon.core.ServerManagement} -  All requests have been served. {org.wso2.carbon.core.ServerManagement}
TID: [0] [AS] [2015-08-13 20:01:30,650]  INFO {org.wso2.carbon.core.ServerManagement} -  Waiting for deployment completion... {org.wso2.carbon.core.ServerManagement}
